11:34:16 - GET - /hello/world/008
11:34:46 - GET - /hello/world/007
11:34:59 - GET - /
11:35:8 - GET - /about
11:36:33 - GET - /about
11:36:35 - GET - /
11:41:56 - GET - /about
11:41:57 - GET - /css/styles.css
11:43:56 - GET - /about
11:44:26 - GET - /about
11:45:37 - GET - /about
11:45:46 - GET - /about
11:45:54 - GET - /about
11:46:3 - GET - /about
11:48:23 - GET - /about
11:58:52 - GET - /contact
12:2:26 - GET - /contact
12:4:59 - GET - /contact
12:5:55 - GET - /contact
12:6:13 - GET - /contact
12:7:56 - GET - /contact
12:8:58 - GET - /contact
12:10:39 - GET - /contact
12:10:57 - GET - /contact
12:11:34 - GET - /contact
12:12:29 - GET - /contact
12:12:51 - GET - /contact
12:13:42 - GET - /contact
12:13:57 - GET - /contact
12:14:24 - GET - /contact
12:21:57 - GET - /articles
12:22:14 - GET - /articles
12:24:20 - GET - /articles
12:27:3 - GET - /articles
12:33:59 - GET - /articles
12:34:4 - GET - /article/2
12:35:41 - GET - /article/6
12:35:45 - GET - /article/1
12:37:48 - GET - /article/1
12:44:25 - GET - /article/10
